c:\у\2 семестр\3. параллельное программирование\сам\лабы\01\01\debug\01.obj
c:\у\2 семестр\3. параллельное программирование\сам\лабы\01\01\debug\vc100.pdb
c:\у\2 семестр\3. параллельное программирование\сам\лабы\01\debug\01.ilk
c:\у\2 семестр\3. параллельное программирование\сам\лабы\01\debug\01.exe
c:\у\2 семестр\3. параллельное программирование\сам\лабы\01\01\debug\01.exe.intermediate.manifest
c:\у\2 семестр\3. параллельное программирование\сам\лабы\01\debug\01.pdb
c:\у\2 семестр\3. параллельное программирование\сам\лабы\01\01\debug\01.exe.embed.manifest
c:\у\2 семестр\3. параллельное программирование\сам\лабы\01\01\debug\01.exe.embed.manifest.res
c:\users\го\desktop\01\01\debug\vc140.pdb
c:\users\го\desktop\01\01\debug\vc140.idb
c:\users\го\desktop\01\01\debug\01.obj
c:\users\го\desktop\01\01\debug\cl.command.1.tlog
c:\users\го\desktop\01\01\debug\cl.read.1.tlog
c:\users\го\desktop\01\01\debug\cl.write.1.tlog
c:\users\го\desktop\01\01\debug\link-cvtres.read.1.tlog
c:\users\го\desktop\01\01\debug\link-cvtres.write.1.tlog
c:\users\го\desktop\01\01\debug\link.5528-cvtres.read.1.tlog
c:\users\го\desktop\01\01\debug\link.5528-cvtres.write.1.tlog
c:\users\го\desktop\01\01\debug\link.5528.read.1.tlog
c:\users\го\desktop\01\01\debug\link.5528.write.1.tlog
c:\users\го\desktop\01\01\debug\link.7060-cvtres.read.1.tlog
c:\users\го\desktop\01\01\debug\link.7060-cvtres.write.1.tlog
c:\users\го\desktop\01\01\debug\link.7060.read.1.tlog
c:\users\го\desktop\01\01\debug\link.7060.write.1.tlog
c:\users\го\desktop\01\01\debug\link.command.1.tlog
c:\users\го\desktop\01\01\debug\link.read.1.tlog
c:\users\го\desktop\01\01\debug\link.write.1.tlog
c:\users\го\desktop\01\01\debug\mt.command.1.tlog
c:\users\го\desktop\01\01\debug\mt.read.1.tlog
c:\users\го\desktop\01\01\debug\mt.write.1.tlog
c:\users\го\desktop\01\01\debug\rc.command.1.tlog
c:\users\го\desktop\01\01\debug\rc.read.1.tlog
c:\users\го\desktop\01\01\debug\rc.write.1.tlog
c:\users\го\desktop\01\01\debug\01.exe.embed.manifest
c:\users\го\desktop\01\01\debug\01.exe.intermediate.manifest
c:\users\го\desktop\01\01\debug\01.exe.embed.manifest.res
c:\users\го\desktop\01\01\debug\vc100.idb
c:\users\го\desktop\01\01\debug\vc100.pdb
c:\users\го\desktop\01\01\debug\01_manifest.rc
c:\users\го\desktop\01\debug\01.pdb
c:\users\го\desktop\01\01\debug\01.tlog\cl.command.1.tlog
c:\users\го\desktop\01\01\debug\01.tlog\cl.read.1.tlog
c:\users\го\desktop\01\01\debug\01.tlog\cl.write.1.tlog
c:\users\го\desktop\01\01\debug\01.tlog\link-cvtres.read.1.tlog
c:\users\го\desktop\01\01\debug\01.tlog\link-cvtres.write.1.tlog
c:\users\го\desktop\01\01\debug\01.tlog\link-rc.read.1.tlog
c:\users\го\desktop\01\01\debug\01.tlog\link-rc.write.1.tlog
c:\users\го\desktop\01\01\debug\01.tlog\link.command.1.tlog
c:\users\го\desktop\01\01\debug\01.tlog\link.read.1.tlog
c:\users\го\desktop\01\01\debug\01.tlog\link.write.1.tlog
